<?xml version="1.0" encoding="UTF-8"?>
<testng-results skipped="0" failed="0" ignored="0" total="2" passed="2">
  <reporter-output>
  </reporter-output>
  <suite name="Calculator Test Suite" duration-ms="553" started-at="2018-08-16T17:34:23Z" finished-at="2018-08-16T17:34:24Z">
    <groups>
      <group name="cucumber">
        <method signature="TestRunner.feature(cucumber.api.testng.CucumberFeatureWrapper)[pri:0, instance:TestRunner@2d6eabae]" name="feature" class="TestRunner"/>
      </group> <!-- cucumber -->
    </groups>
    <test name="Addition" duration-ms="553" started-at="2018-08-16T17:34:23Z" finished-at="2018-08-16T17:34:24Z">
      <class name="TestRunner">
        <test-method status="PASS" signature="setUp()[pri:0, instance:TestRunner@2d6eabae]" name="setUp" is-config="true" duration-ms="223" started-at="2018-08-16T17:34:23Z" finished-at="2018-08-16T17:34:23Z">
          <reporter-output>
          </reporter-output>
        </test-method> <!-- setUp -->
        <test-method status="PASS" signature="feature(cucumber.api.testng.CucumberFeatureWrapper)[pri:0, instance:TestRunner@2d6eabae]" name="feature" duration-ms="182" started-at="2018-08-16T17:34:24Z" description="Runs cucumber tests" data-provider="features" finished-at="2018-08-16T17:34:24Z">
          <params>
            <param index="0">
              <value>
                <![CDATA[Addition]]>
              </value>
            </param>
          </params>
          <reporter-output>
          </reporter-output>
        </test-method> <!-- feature -->
        <test-method status="PASS" signature="feature(cucumber.api.testng.CucumberFeatureWrapper)[pri:0, instance:TestRunner@2d6eabae]" name="feature" duration-ms="13" started-at="2018-08-16T17:34:24Z" description="Runs cucumber tests" data-provider="features" finished-at="2018-08-16T17:34:24Z">
          <params>
            <param index="0">
              <value>
                <![CDATA[Multiplication]]>
              </value>
            </param>
          </params>
          <reporter-output>
          </reporter-output>
        </test-method> <!-- feature -->
        <test-method status="PASS" signature="tearDown()[pri:0, instance:TestRunner@2d6eabae]" name="tearDown" is-config="true" duration-ms="29" started-at="2018-08-16T17:34:24Z" finished-at="2018-08-16T17:34:24Z">
          <reporter-output>
          </reporter-output>
        </test-method> <!-- tearDown -->
      </class> <!-- TestRunner -->
    </test> <!-- Addition -->
  </suite> <!-- Calculator Test Suite -->
</testng-results>
